DEB [20180523-16:14:03.076] thr=1   paramiko.transport: starting thread (client mode): 0x3ba7590L
DEB [20180523-16:14:03.076] thr=1   paramiko.transport: Local version/idstring: SSH-2.0-paramiko_2.3.1
DEB [20180523-16:14:03.100] thr=1   paramiko.transport: Remote version/idstring: SSH-2.0-OpenSSH_6.6
INF [20180523-16:14:03.101] thr=1   paramiko.transport: Connected (version 2.0, client OpenSSH_6.6)
DEB [20180523-16:14:03.109] thr=1   paramiko.transport: kex algos:[u'curve25519-sha256@libssh.org', u'ecdh-sha2-nistp256', u'ecdh-sha2-nistp384', u'ecdh-sha2-nistp521', u'diffie-hellman-group-exchange-sha256', u'diffie-hellman-group-exchange-sha1', u'diffie-hellman-group14-sha1', u'diffie-hellman-group1-sha1'] server key:[u'ssh-rsa', u'ssh-dss', u'ssh-ed25519'] client encrypt:[u'aes128-ctr', u'aes192-ctr', u'aes256-ctr', u'arcfour256', u'arcfour128', u'chacha20-poly1305@openssh.com', u'aes128-cbc', u'3des-cbc', u'blowfish-cbc', u'cast128-cbc', u'aes192-cbc', u'aes256-cbc', u'arcfour', u'rijndael-cbc@lysator.liu.se'] server encrypt:[u'aes128-ctr', u'aes192-ctr', u'aes256-ctr', u'arcfour256', u'arcfour128', u'chacha20-poly1305@openssh.com', u'aes128-cbc', u'3des-cbc', u'blowfish-cbc', u'cast128-cbc', u'aes192-cbc', u'aes256-cbc', u'arcfour', u'rijndael-cbc@lysator.liu.se'] client mac:[u'hmac-md5-etm@openssh.com', u'hmac-sha1-etm@openssh.com', u'umac-64-etm@openssh.com', u'umac-128-etm@openssh.com', u'hmac-sha2-256-etm@openssh.com', u'hmac-sha2-512-etm@openssh.com', u'hmac-ripemd160-etm@openssh.com', u'hmac-sha1-96-etm@openssh.com', u'hmac-md5-96-etm@openssh.com', u'hmac-md5', u'hmac-sha1', u'umac-64@openssh.com', u'umac-128@openssh.com', u'hmac-sha2-256', u'hmac-sha2-512', u'hmac-ripemd160', u'hmac-ripemd160@openssh.com', u'hmac-sha1-96', u'hmac-md5-96'] server mac:[u'hmac-md5-etm@openssh.com', u'hmac-sha1-etm@openssh.com', u'umac-64-etm@openssh.com', u'umac-128-etm@openssh.com', u'hmac-sha2-256-etm@openssh.com', u'hmac-sha2-512-etm@openssh.com', u'hmac-ripemd160-etm@openssh.com', u'hmac-sha1-96-etm@openssh.com', u'hmac-md5-96-etm@openssh.com', u'hmac-md5', u'hmac-sha1', u'umac-64@openssh.com', u'umac-128@openssh.com', u'hmac-sha2-256', u'hmac-sha2-512', u'hmac-ripemd160', u'hmac-ripemd160@openssh.com', u'hmac-sha1-96', u'hmac-md5-96'] client compress:[u'none', u'zlib@openssh.com'] server compress:[u'none', u'zlib@openssh.com'] client lang:[u''] server lang:[u''] kex follows?False
DEB [20180523-16:14:03.110] thr=1   paramiko.transport: Kex agreed: ecdh-sha2-nistp256
DEB [20180523-16:14:03.110] thr=1   paramiko.transport: HostKey agreed: ssh-ed25519
DEB [20180523-16:14:03.110] thr=1   paramiko.transport: Cipher agreed: aes128-ctr
DEB [20180523-16:14:03.110] thr=1   paramiko.transport: MAC agreed: hmac-sha2-256
DEB [20180523-16:14:03.110] thr=1   paramiko.transport: Compression agreed: none
DEB [20180523-16:14:03.722] thr=1   paramiko.transport: kex engine KexNistp256 specified hash_algo <built-in function openssl_sha256>
DEB [20180523-16:14:03.723] thr=1   paramiko.transport: Switch to new keys ...
DEB [20180523-16:14:03.726] thr=2   paramiko.transport: Adding ssh-ed25519 host key for 192.168.1.250: 53fe22b92dc3c48cfb050cff6b1cbc4d
DEB [20180523-16:14:03.766] thr=2   paramiko.transport: Trying discovered key b4c5a78c115c8646a22e235c63410571 in /Users/alex.chuvakov/.ssh/id_rsa
DEB [20180523-16:14:03.829] thr=1   paramiko.transport: userauth is OK
INF [20180523-16:14:03.845] thr=1   paramiko.transport: Authentication (publickey) failed.
DEB [20180523-16:14:03.880] thr=1   paramiko.transport: userauth is OK
INF [20180523-16:14:03.889] thr=1   paramiko.transport: Authentication (password) successful!
DEB [20180523-16:14:03.909] thr=2   paramiko.transport: [chan 0] Max packet in: 32768 bytes
DEB [20180523-16:14:03.919] thr=1   paramiko.transport: [chan 0] Max packet out: 32768 bytes
DEB [20180523-16:14:03.919] thr=1   paramiko.transport: Secsh channel 0 opened.
DEB [20180523-16:14:03.939] thr=1   paramiko.transport: [chan 0] Sesch channel 0 request ok
DEB [20180523-16:14:04.005] thr=1   paramiko.transport: [chan 0] EOF received (0)
DEB [20180523-16:14:04.005] thr=1   paramiko.transport: [chan 0] EOF sent (0)
DEB [20180523-16:14:04.005] thr=1   paramiko.transport: Dropping user packet because connection is dead.
DEB [20180523-16:14:04.005] thr=1   paramiko.transport: Dropping user packet because connection is dead.
DEB [20180523-16:14:17.216] thr=1   paramiko.transport: starting thread (client mode): 0x4555590L
DEB [20180523-16:14:17.216] thr=1   paramiko.transport: Local version/idstring: SSH-2.0-paramiko_2.3.1
DEB [20180523-16:14:17.244] thr=1   paramiko.transport: Remote version/idstring: SSH-2.0-OpenSSH_6.6
INF [20180523-16:14:17.244] thr=1   paramiko.transport: Connected (version 2.0, client OpenSSH_6.6)
DEB [20180523-16:14:17.254] thr=1   paramiko.transport: kex algos:[u'curve25519-sha256@libssh.org', u'ecdh-sha2-nistp256', u'ecdh-sha2-nistp384', u'ecdh-sha2-nistp521', u'diffie-hellman-group-exchange-sha256', u'diffie-hellman-group-exchange-sha1', u'diffie-hellman-group14-sha1', u'diffie-hellman-group1-sha1'] server key:[u'ssh-rsa', u'ssh-dss', u'ssh-ed25519'] client encrypt:[u'aes128-ctr', u'aes192-ctr', u'aes256-ctr', u'arcfour256', u'arcfour128', u'chacha20-poly1305@openssh.com', u'aes128-cbc', u'3des-cbc', u'blowfish-cbc', u'cast128-cbc', u'aes192-cbc', u'aes256-cbc', u'arcfour', u'rijndael-cbc@lysator.liu.se'] server encrypt:[u'aes128-ctr', u'aes192-ctr', u'aes256-ctr', u'arcfour256', u'arcfour128', u'chacha20-poly1305@openssh.com', u'aes128-cbc', u'3des-cbc', u'blowfish-cbc', u'cast128-cbc', u'aes192-cbc', u'aes256-cbc', u'arcfour', u'rijndael-cbc@lysator.liu.se'] client mac:[u'hmac-md5-etm@openssh.com', u'hmac-sha1-etm@openssh.com', u'umac-64-etm@openssh.com', u'umac-128-etm@openssh.com', u'hmac-sha2-256-etm@openssh.com', u'hmac-sha2-512-etm@openssh.com', u'hmac-ripemd160-etm@openssh.com', u'hmac-sha1-96-etm@openssh.com', u'hmac-md5-96-etm@openssh.com', u'hmac-md5', u'hmac-sha1', u'umac-64@openssh.com', u'umac-128@openssh.com', u'hmac-sha2-256', u'hmac-sha2-512', u'hmac-ripemd160', u'hmac-ripemd160@openssh.com', u'hmac-sha1-96', u'hmac-md5-96'] server mac:[u'hmac-md5-etm@openssh.com', u'hmac-sha1-etm@openssh.com', u'umac-64-etm@openssh.com', u'umac-128-etm@openssh.com', u'hmac-sha2-256-etm@openssh.com', u'hmac-sha2-512-etm@openssh.com', u'hmac-ripemd160-etm@openssh.com', u'hmac-sha1-96-etm@openssh.com', u'hmac-md5-96-etm@openssh.com', u'hmac-md5', u'hmac-sha1', u'umac-64@openssh.com', u'umac-128@openssh.com', u'hmac-sha2-256', u'hmac-sha2-512', u'hmac-ripemd160', u'hmac-ripemd160@openssh.com', u'hmac-sha1-96', u'hmac-md5-96'] client compress:[u'none', u'zlib@openssh.com'] server compress:[u'none', u'zlib@openssh.com'] client lang:[u''] server lang:[u''] kex follows?False
DEB [20180523-16:14:17.254] thr=1   paramiko.transport: Kex agreed: ecdh-sha2-nistp256
DEB [20180523-16:14:17.254] thr=1   paramiko.transport: HostKey agreed: ssh-ed25519
DEB [20180523-16:14:17.254] thr=1   paramiko.transport: Cipher agreed: aes128-ctr
DEB [20180523-16:14:17.254] thr=1   paramiko.transport: MAC agreed: hmac-sha2-256
DEB [20180523-16:14:17.254] thr=1   paramiko.transport: Compression agreed: none
DEB [20180523-16:14:17.493] thr=1   paramiko.transport: kex engine KexNistp256 specified hash_algo <built-in function openssl_sha256>
DEB [20180523-16:14:17.493] thr=1   paramiko.transport: Switch to new keys ...
DEB [20180523-16:14:17.506] thr=2   paramiko.transport: Adding ssh-ed25519 host key for 192.168.1.250: 53fe22b92dc3c48cfb050cff6b1cbc4d
DEB [20180523-16:14:17.509] thr=2   paramiko.transport: Trying discovered key b4c5a78c115c8646a22e235c63410571 in /Users/alex.chuvakov/.ssh/id_rsa
DEB [20180523-16:14:17.599] thr=1   paramiko.transport: userauth is OK
INF [20180523-16:14:17.624] thr=1   paramiko.transport: Authentication (publickey) failed.
DEB [20180523-16:14:17.633] thr=1   paramiko.transport: userauth is OK
INF [20180523-16:14:17.643] thr=1   paramiko.transport: Authentication (password) successful!
DEB [20180523-16:14:17.648] thr=2   paramiko.transport: [chan 0] Max packet in: 32768 bytes
DEB [20180523-16:14:17.658] thr=1   paramiko.transport: [chan 0] Max packet out: 32768 bytes
DEB [20180523-16:14:17.659] thr=1   paramiko.transport: Secsh channel 0 opened.
DEB [20180523-16:14:17.678] thr=1   paramiko.transport: [chan 0] Sesch channel 0 request ok
DEB [20180523-16:14:17.744] thr=1   paramiko.transport: [chan 0] EOF received (0)
DEB [20180523-16:14:17.745] thr=1   paramiko.transport: [chan 0] EOF sent (0)
DEB [20180523-16:14:17.745] thr=1   paramiko.transport: Dropping user packet because connection is dead.
DEB [20180523-16:14:27.984] thr=1   paramiko.transport: starting thread (client mode): 0x32a6590L
DEB [20180523-16:14:27.985] thr=1   paramiko.transport: Local version/idstring: SSH-2.0-paramiko_2.3.1
DEB [20180523-16:14:28.014] thr=1   paramiko.transport: Remote version/idstring: SSH-2.0-OpenSSH_6.6
INF [20180523-16:14:28.015] thr=1   paramiko.transport: Connected (version 2.0, client OpenSSH_6.6)
DEB [20180523-16:14:28.024] thr=1   paramiko.transport: kex algos:[u'curve25519-sha256@libssh.org', u'ecdh-sha2-nistp256', u'ecdh-sha2-nistp384', u'ecdh-sha2-nistp521', u'diffie-hellman-group-exchange-sha256', u'diffie-hellman-group-exchange-sha1', u'diffie-hellman-group14-sha1', u'diffie-hellman-group1-sha1'] server key:[u'ssh-rsa', u'ssh-dss', u'ssh-ed25519'] client encrypt:[u'aes128-ctr', u'aes192-ctr', u'aes256-ctr', u'arcfour256', u'arcfour128', u'chacha20-poly1305@openssh.com', u'aes128-cbc', u'3des-cbc', u'blowfish-cbc', u'cast128-cbc', u'aes192-cbc', u'aes256-cbc', u'arcfour', u'rijndael-cbc@lysator.liu.se'] server encrypt:[u'aes128-ctr', u'aes192-ctr', u'aes256-ctr', u'arcfour256', u'arcfour128', u'chacha20-poly1305@openssh.com', u'aes128-cbc', u'3des-cbc', u'blowfish-cbc', u'cast128-cbc', u'aes192-cbc', u'aes256-cbc', u'arcfour', u'rijndael-cbc@lysator.liu.se'] client mac:[u'hmac-md5-etm@openssh.com', u'hmac-sha1-etm@openssh.com', u'umac-64-etm@openssh.com', u'umac-128-etm@openssh.com', u'hmac-sha2-256-etm@openssh.com', u'hmac-sha2-512-etm@openssh.com', u'hmac-ripemd160-etm@openssh.com', u'hmac-sha1-96-etm@openssh.com', u'hmac-md5-96-etm@openssh.com', u'hmac-md5', u'hmac-sha1', u'umac-64@openssh.com', u'umac-128@openssh.com', u'hmac-sha2-256', u'hmac-sha2-512', u'hmac-ripemd160', u'hmac-ripemd160@openssh.com', u'hmac-sha1-96', u'hmac-md5-96'] server mac:[u'hmac-md5-etm@openssh.com', u'hmac-sha1-etm@openssh.com', u'umac-64-etm@openssh.com', u'umac-128-etm@openssh.com', u'hmac-sha2-256-etm@openssh.com', u'hmac-sha2-512-etm@openssh.com', u'hmac-ripemd160-etm@openssh.com', u'hmac-sha1-96-etm@openssh.com', u'hmac-md5-96-etm@openssh.com', u'hmac-md5', u'hmac-sha1', u'umac-64@openssh.com', u'umac-128@openssh.com', u'hmac-sha2-256', u'hmac-sha2-512', u'hmac-ripemd160', u'hmac-ripemd160@openssh.com', u'hmac-sha1-96', u'hmac-md5-96'] client compress:[u'none', u'zlib@openssh.com'] server compress:[u'none', u'zlib@openssh.com'] client lang:[u''] server lang:[u''] kex follows?False
DEB [20180523-16:14:28.024] thr=1   paramiko.transport: Kex agreed: ecdh-sha2-nistp256
DEB [20180523-16:14:28.024] thr=1   paramiko.transport: HostKey agreed: ssh-ed25519
DEB [20180523-16:14:28.024] thr=1   paramiko.transport: Cipher agreed: aes128-ctr
DEB [20180523-16:14:28.024] thr=1   paramiko.transport: MAC agreed: hmac-sha2-256
DEB [20180523-16:14:28.024] thr=1   paramiko.transport: Compression agreed: none
DEB [20180523-16:14:28.263] thr=1   paramiko.transport: kex engine KexNistp256 specified hash_algo <built-in function openssl_sha256>
DEB [20180523-16:14:28.263] thr=1   paramiko.transport: Switch to new keys ...
DEB [20180523-16:14:28.278] thr=2   paramiko.transport: Adding ssh-ed25519 host key for 192.168.1.250: 53fe22b92dc3c48cfb050cff6b1cbc4d
DEB [20180523-16:14:28.280] thr=2   paramiko.transport: Trying discovered key b4c5a78c115c8646a22e235c63410571 in /Users/alex.chuvakov/.ssh/id_rsa
DEB [20180523-16:14:28.373] thr=1   paramiko.transport: userauth is OK
INF [20180523-16:14:28.393] thr=1   paramiko.transport: Authentication (publickey) failed.
DEB [20180523-16:14:28.409] thr=1   paramiko.transport: userauth is OK
INF [20180523-16:14:28.419] thr=1   paramiko.transport: Authentication (password) successful!
DEB [20180523-16:14:28.435] thr=2   paramiko.transport: [chan 0] Max packet in: 32768 bytes
DEB [20180523-16:14:28.443] thr=1   paramiko.transport: [chan 0] Max packet out: 32768 bytes
DEB [20180523-16:14:28.443] thr=1   paramiko.transport: Secsh channel 0 opened.
DEB [20180523-16:14:28.459] thr=1   paramiko.transport: [chan 0] Sesch channel 0 request ok
DEB [20180523-16:14:28.529] thr=1   paramiko.transport: [chan 0] EOF received (0)
DEB [20180523-16:14:28.530] thr=1   paramiko.transport: EOF in transport thread
DEB [20180523-16:14:34.440] thr=1   paramiko.transport: starting thread (client mode): 0x33a6590L
DEB [20180523-16:14:34.440] thr=1   paramiko.transport: Local version/idstring: SSH-2.0-paramiko_2.3.1
DEB [20180523-16:14:34.469] thr=1   paramiko.transport: Remote version/idstring: SSH-2.0-OpenSSH_6.6
INF [20180523-16:14:34.469] thr=1   paramiko.transport: Connected (version 2.0, client OpenSSH_6.6)
DEB [20180523-16:14:34.478] thr=1   paramiko.transport: kex algos:[u'curve25519-sha256@libssh.org', u'ecdh-sha2-nistp256', u'ecdh-sha2-nistp384', u'ecdh-sha2-nistp521', u'diffie-hellman-group-exchange-sha256', u'diffie-hellman-group-exchange-sha1', u'diffie-hellman-group14-sha1', u'diffie-hellman-group1-sha1'] server key:[u'ssh-rsa', u'ssh-dss', u'ssh-ed25519'] client encrypt:[u'aes128-ctr', u'aes192-ctr', u'aes256-ctr', u'arcfour256', u'arcfour128', u'chacha20-poly1305@openssh.com', u'aes128-cbc', u'3des-cbc', u'blowfish-cbc', u'cast128-cbc', u'aes192-cbc', u'aes256-cbc', u'arcfour', u'rijndael-cbc@lysator.liu.se'] server encrypt:[u'aes128-ctr', u'aes192-ctr', u'aes256-ctr', u'arcfour256', u'arcfour128', u'chacha20-poly1305@openssh.com', u'aes128-cbc', u'3des-cbc', u'blowfish-cbc', u'cast128-cbc', u'aes192-cbc', u'aes256-cbc', u'arcfour', u'rijndael-cbc@lysator.liu.se'] client mac:[u'hmac-md5-etm@openssh.com', u'hmac-sha1-etm@openssh.com', u'umac-64-etm@openssh.com', u'umac-128-etm@openssh.com', u'hmac-sha2-256-etm@openssh.com', u'hmac-sha2-512-etm@openssh.com', u'hmac-ripemd160-etm@openssh.com', u'hmac-sha1-96-etm@openssh.com', u'hmac-md5-96-etm@openssh.com', u'hmac-md5', u'hmac-sha1', u'umac-64@openssh.com', u'umac-128@openssh.com', u'hmac-sha2-256', u'hmac-sha2-512', u'hmac-ripemd160', u'hmac-ripemd160@openssh.com', u'hmac-sha1-96', u'hmac-md5-96'] server mac:[u'hmac-md5-etm@openssh.com', u'hmac-sha1-etm@openssh.com', u'umac-64-etm@openssh.com', u'umac-128-etm@openssh.com', u'hmac-sha2-256-etm@openssh.com', u'hmac-sha2-512-etm@openssh.com', u'hmac-ripemd160-etm@openssh.com', u'hmac-sha1-96-etm@openssh.com', u'hmac-md5-96-etm@openssh.com', u'hmac-md5', u'hmac-sha1', u'umac-64@openssh.com', u'umac-128@openssh.com', u'hmac-sha2-256', u'hmac-sha2-512', u'hmac-ripemd160', u'hmac-ripemd160@openssh.com', u'hmac-sha1-96', u'hmac-md5-96'] client compress:[u'none', u'zlib@openssh.com'] server compress:[u'none', u'zlib@openssh.com'] client lang:[u''] server lang:[u''] kex follows?False
DEB [20180523-16:14:34.478] thr=1   paramiko.transport: Kex agreed: ecdh-sha2-nistp256
DEB [20180523-16:14:34.479] thr=1   paramiko.transport: HostKey agreed: ssh-ed25519
DEB [20180523-16:14:34.479] thr=1   paramiko.transport: Cipher agreed: aes128-ctr
DEB [20180523-16:14:34.479] thr=1   paramiko.transport: MAC agreed: hmac-sha2-256
DEB [20180523-16:14:34.479] thr=1   paramiko.transport: Compression agreed: none
DEB [20180523-16:14:34.712] thr=1   paramiko.transport: kex engine KexNistp256 specified hash_algo <built-in function openssl_sha256>
DEB [20180523-16:14:34.712] thr=1   paramiko.transport: Switch to new keys ...
DEB [20180523-16:14:34.728] thr=2   paramiko.transport: Adding ssh-ed25519 host key for 192.168.1.250: 53fe22b92dc3c48cfb050cff6b1cbc4d
DEB [20180523-16:14:34.730] thr=2   paramiko.transport: Trying discovered key b4c5a78c115c8646a22e235c63410571 in /Users/alex.chuvakov/.ssh/id_rsa
DEB [20180523-16:14:34.819] thr=1   paramiko.transport: userauth is OK
INF [20180523-16:14:34.839] thr=1   paramiko.transport: Authentication (publickey) failed.
DEB [20180523-16:14:34.849] thr=1   paramiko.transport: userauth is OK
INF [20180523-16:14:34.858] thr=1   paramiko.transport: Authentication (password) successful!
DEB [20180523-16:14:34.861] thr=2   paramiko.transport: [chan 0] Max packet in: 32768 bytes
DEB [20180523-16:14:34.869] thr=1   paramiko.transport: [chan 0] Max packet out: 32768 bytes
DEB [20180523-16:14:34.869] thr=1   paramiko.transport: Secsh channel 0 opened.
DEB [20180523-16:14:34.879] thr=1   paramiko.transport: [chan 0] Sesch channel 0 request ok
DEB [20180523-16:14:34.955] thr=1   paramiko.transport: [chan 0] EOF received (0)
DEB [20180523-16:14:34.955] thr=1   paramiko.transport: [chan 0] EOF sent (0)
DEB [20180523-16:14:34.956] thr=1   paramiko.transport: Dropping user packet because connection is dead.
DEB [20180523-16:14:34.956] thr=1   paramiko.transport: Dropping user packet because connection is dead.
DEB [20180523-16:15:11.359] thr=1   paramiko.transport: starting thread (client mode): 0x4aa7590L
DEB [20180523-16:15:11.359] thr=1   paramiko.transport: Local version/idstring: SSH-2.0-paramiko_2.3.1
DEB [20180523-16:15:11.387] thr=1   paramiko.transport: Remote version/idstring: SSH-2.0-OpenSSH_6.6
INF [20180523-16:15:11.387] thr=1   paramiko.transport: Connected (version 2.0, client OpenSSH_6.6)
DEB [20180523-16:15:11.392] thr=1   paramiko.transport: kex algos:[u'curve25519-sha256@libssh.org', u'ecdh-sha2-nistp256', u'ecdh-sha2-nistp384', u'ecdh-sha2-nistp521', u'diffie-hellman-group-exchange-sha256', u'diffie-hellman-group-exchange-sha1', u'diffie-hellman-group14-sha1', u'diffie-hellman-group1-sha1'] server key:[u'ssh-rsa', u'ssh-dss', u'ssh-ed25519'] client encrypt:[u'aes128-ctr', u'aes192-ctr', u'aes256-ctr', u'arcfour256', u'arcfour128', u'chacha20-poly1305@openssh.com', u'aes128-cbc', u'3des-cbc', u'blowfish-cbc', u'cast128-cbc', u'aes192-cbc', u'aes256-cbc', u'arcfour', u'rijndael-cbc@lysator.liu.se'] server encrypt:[u'aes128-ctr', u'aes192-ctr', u'aes256-ctr', u'arcfour256', u'arcfour128', u'chacha20-poly1305@openssh.com', u'aes128-cbc', u'3des-cbc', u'blowfish-cbc', u'cast128-cbc', u'aes192-cbc', u'aes256-cbc', u'arcfour', u'rijndael-cbc@lysator.liu.se'] client mac:[u'hmac-md5-etm@openssh.com', u'hmac-sha1-etm@openssh.com', u'umac-64-etm@openssh.com', u'umac-128-etm@openssh.com', u'hmac-sha2-256-etm@openssh.com', u'hmac-sha2-512-etm@openssh.com', u'hmac-ripemd160-etm@openssh.com', u'hmac-sha1-96-etm@openssh.com', u'hmac-md5-96-etm@openssh.com', u'hmac-md5', u'hmac-sha1', u'umac-64@openssh.com', u'umac-128@openssh.com', u'hmac-sha2-256', u'hmac-sha2-512', u'hmac-ripemd160', u'hmac-ripemd160@openssh.com', u'hmac-sha1-96', u'hmac-md5-96'] server mac:[u'hmac-md5-etm@openssh.com', u'hmac-sha1-etm@openssh.com', u'umac-64-etm@openssh.com', u'umac-128-etm@openssh.com', u'hmac-sha2-256-etm@openssh.com', u'hmac-sha2-512-etm@openssh.com', u'hmac-ripemd160-etm@openssh.com', u'hmac-sha1-96-etm@openssh.com', u'hmac-md5-96-etm@openssh.com', u'hmac-md5', u'hmac-sha1', u'umac-64@openssh.com', u'umac-128@openssh.com', u'hmac-sha2-256', u'hmac-sha2-512', u'hmac-ripemd160', u'hmac-ripemd160@openssh.com', u'hmac-sha1-96', u'hmac-md5-96'] client compress:[u'none', u'zlib@openssh.com'] server compress:[u'none', u'zlib@openssh.com'] client lang:[u''] server lang:[u''] kex follows?False
DEB [20180523-16:15:11.393] thr=1   paramiko.transport: Kex agreed: ecdh-sha2-nistp256
DEB [20180523-16:15:11.393] thr=1   paramiko.transport: HostKey agreed: ssh-ed25519
DEB [20180523-16:15:11.393] thr=1   paramiko.transport: Cipher agreed: aes128-ctr
DEB [20180523-16:15:11.393] thr=1   paramiko.transport: MAC agreed: hmac-sha2-256
DEB [20180523-16:15:11.393] thr=1   paramiko.transport: Compression agreed: none
DEB [20180523-16:15:11.626] thr=1   paramiko.transport: kex engine KexNistp256 specified hash_algo <built-in function openssl_sha256>
DEB [20180523-16:15:11.627] thr=1   paramiko.transport: Switch to new keys ...
DEB [20180523-16:15:11.628] thr=2   paramiko.transport: Adding ssh-ed25519 host key for 192.168.1.250: 53fe22b92dc3c48cfb050cff6b1cbc4d
DEB [20180523-16:15:11.630] thr=2   paramiko.transport: Trying discovered key b4c5a78c115c8646a22e235c63410571 in /Users/alex.chuvakov/.ssh/id_rsa
DEB [20180523-16:15:11.738] thr=1   paramiko.transport: userauth is OK
INF [20180523-16:15:11.762] thr=1   paramiko.transport: Authentication (publickey) failed.
DEB [20180523-16:15:11.777] thr=1   paramiko.transport: userauth is OK
INF [20180523-16:15:11.787] thr=1   paramiko.transport: Authentication (password) successful!
DEB [20180523-16:15:11.806] thr=2   paramiko.transport: [chan 0] Max packet in: 32768 bytes
DEB [20180523-16:15:11.812] thr=1   paramiko.transport: [chan 0] Max packet out: 32768 bytes
DEB [20180523-16:15:11.813] thr=1   paramiko.transport: Secsh channel 0 opened.
DEB [20180523-16:15:11.828] thr=1   paramiko.transport: [chan 0] Sesch channel 0 request ok
DEB [20180523-16:15:11.893] thr=1   paramiko.transport: [chan 0] EOF received (0)
DEB [20180523-16:15:11.893] thr=1   paramiko.transport: [chan 0] EOF sent (0)
DEB [20180523-16:15:11.893] thr=1   paramiko.transport: Dropping user packet because connection is dead.
DEB [20180523-16:15:11.893] thr=1   paramiko.transport: Dropping user packet because connection is dead.
DEB [20180523-16:15:27.138] thr=1   paramiko.transport: starting thread (client mode): 0x4566590L
DEB [20180523-16:15:27.139] thr=1   paramiko.transport: Local version/idstring: SSH-2.0-paramiko_2.3.1
DEB [20180523-16:15:27.172] thr=1   paramiko.transport: Remote version/idstring: SSH-2.0-OpenSSH_6.6
INF [20180523-16:15:27.172] thr=1   paramiko.transport: Connected (version 2.0, client OpenSSH_6.6)
DEB [20180523-16:15:27.182] thr=1   paramiko.transport: kex algos:[u'curve25519-sha256@libssh.org', u'ecdh-sha2-nistp256', u'ecdh-sha2-nistp384', u'ecdh-sha2-nistp521', u'diffie-hellman-group-exchange-sha256', u'diffie-hellman-group-exchange-sha1', u'diffie-hellman-group14-sha1', u'diffie-hellman-group1-sha1'] server key:[u'ssh-rsa', u'ssh-dss', u'ssh-ed25519'] client encrypt:[u'aes128-ctr', u'aes192-ctr', u'aes256-ctr', u'arcfour256', u'arcfour128', u'chacha20-poly1305@openssh.com', u'aes128-cbc', u'3des-cbc', u'blowfish-cbc', u'cast128-cbc', u'aes192-cbc', u'aes256-cbc', u'arcfour', u'rijndael-cbc@lysator.liu.se'] server encrypt:[u'aes128-ctr', u'aes192-ctr', u'aes256-ctr', u'arcfour256', u'arcfour128', u'chacha20-poly1305@openssh.com', u'aes128-cbc', u'3des-cbc', u'blowfish-cbc', u'cast128-cbc', u'aes192-cbc', u'aes256-cbc', u'arcfour', u'rijndael-cbc@lysator.liu.se'] client mac:[u'hmac-md5-etm@openssh.com', u'hmac-sha1-etm@openssh.com', u'umac-64-etm@openssh.com', u'umac-128-etm@openssh.com', u'hmac-sha2-256-etm@openssh.com', u'hmac-sha2-512-etm@openssh.com', u'hmac-ripemd160-etm@openssh.com', u'hmac-sha1-96-etm@openssh.com', u'hmac-md5-96-etm@openssh.com', u'hmac-md5', u'hmac-sha1', u'umac-64@openssh.com', u'umac-128@openssh.com', u'hmac-sha2-256', u'hmac-sha2-512', u'hmac-ripemd160', u'hmac-ripemd160@openssh.com', u'hmac-sha1-96', u'hmac-md5-96'] server mac:[u'hmac-md5-etm@openssh.com', u'hmac-sha1-etm@openssh.com', u'umac-64-etm@openssh.com', u'umac-128-etm@openssh.com', u'hmac-sha2-256-etm@openssh.com', u'hmac-sha2-512-etm@openssh.com', u'hmac-ripemd160-etm@openssh.com', u'hmac-sha1-96-etm@openssh.com', u'hmac-md5-96-etm@openssh.com', u'hmac-md5', u'hmac-sha1', u'umac-64@openssh.com', u'umac-128@openssh.com', u'hmac-sha2-256', u'hmac-sha2-512', u'hmac-ripemd160', u'hmac-ripemd160@openssh.com', u'hmac-sha1-96', u'hmac-md5-96'] client compress:[u'none', u'zlib@openssh.com'] server compress:[u'none', u'zlib@openssh.com'] client lang:[u''] server lang:[u''] kex follows?False
DEB [20180523-16:15:27.182] thr=1   paramiko.transport: Kex agreed: ecdh-sha2-nistp256
DEB [20180523-16:15:27.182] thr=1   paramiko.transport: HostKey agreed: ssh-ed25519
DEB [20180523-16:15:27.182] thr=1   paramiko.transport: Cipher agreed: aes128-ctr
DEB [20180523-16:15:27.182] thr=1   paramiko.transport: MAC agreed: hmac-sha2-256
DEB [20180523-16:15:27.182] thr=1   paramiko.transport: Compression agreed: none
DEB [20180523-16:15:27.415] thr=1   paramiko.transport: kex engine KexNistp256 specified hash_algo <built-in function openssl_sha256>
DEB [20180523-16:15:27.415] thr=1   paramiko.transport: Switch to new keys ...
DEB [20180523-16:15:27.429] thr=2   paramiko.transport: Adding ssh-ed25519 host key for 192.168.1.250: 53fe22b92dc3c48cfb050cff6b1cbc4d
DEB [20180523-16:15:27.431] thr=2   paramiko.transport: Trying discovered key b4c5a78c115c8646a22e235c63410571 in /Users/alex.chuvakov/.ssh/id_rsa
DEB [20180523-16:15:27.527] thr=1   paramiko.transport: userauth is OK
INF [20180523-16:15:27.547] thr=1   paramiko.transport: Authentication (publickey) failed.
DEB [20180523-16:15:27.562] thr=1   paramiko.transport: userauth is OK
INF [20180523-16:15:27.572] thr=1   paramiko.transport: Authentication (password) successful!
DEB [20180523-16:15:27.575] thr=2   paramiko.transport: [chan 0] Max packet in: 32768 bytes
DEB [20180523-16:15:27.582] thr=1   paramiko.transport: [chan 0] Max packet out: 32768 bytes
DEB [20180523-16:15:27.582] thr=1   paramiko.transport: Secsh channel 0 opened.
DEB [20180523-16:15:27.597] thr=1   paramiko.transport: [chan 0] Sesch channel 0 request ok
DEB [20180523-16:15:27.661] thr=1   paramiko.transport: [chan 0] EOF received (0)
DEB [20180523-16:15:27.662] thr=1   paramiko.transport: [chan 0] EOF sent (0)
DEB [20180523-16:15:27.662] thr=1   paramiko.transport: Dropping user packet because connection is dead.
